13:09:20.843 [main                     ] DEBUG Logger               - Configured Logger
13:09:20.849 [main                     ] DEBUG GameApplication      - Logging settings
Title: Flappy Bird Clone
Version: 1.0
Width: 1280
Height: 720
Fullscreen: false
Intro: false
Profiling: false
Single step:false
App Mode: DEVELOPER
Menu Key: ESCAPE
Stage Style: DECORATED
Scene Factory: class com.almasb.fxgl.app.scene.SceneFactory

13:09:21.307 [JavaFX Application Thread] DEBUG FXGLApplication      - Initializing FXGL
13:09:21.312 [JavaFX Application Thread] INFO  Engine               - FXGL-17.3 (30.03.2023 11.49) on WINDOWS (J:25.0.1 FX:21.0.6)
13:09:21.312 [JavaFX Application Thread] DEBUG Engine               - JRE Vendor Name: Eclipse Adoptium
13:09:21.313 [JavaFX Application Thread] DEBUG Engine               - Running on OS: Windows 11 version 10.0
13:09:21.313 [JavaFX Application Thread] DEBUG Engine               - Architecture: amd64
13:09:21.313 [JavaFX Application Thread] INFO  Engine               - Source code and latest versions at: https://github.com/AlmasB/FXGL
13:09:21.313 [JavaFX Application Thread] INFO  Engine               -       Ask questions and discuss at: https://github.com/AlmasB/FXGL/discussions
13:09:21.313 [JavaFX Application Thread] INFO  Engine               -              Join the FXGL chat at: https://gitter.im/AlmasB/FXGL
13:09:21.454 [JavaFX Application Thread] DEBUG PrimaryStageWindow   - Creating a JavaFX scene
13:09:21.512 [JavaFX Application Thread] DEBUG PrimaryStageWindow   - Target settings size: 1280.0 x 720.0
13:09:21.513 [JavaFX Application Thread] DEBUG PrimaryStageWindow   - Scaled scene size:    1280.0 x 720.0
13:09:21.513 [JavaFX Application Thread] DEBUG PrimaryStageWindow   - Scaled ratio: (1.0, 1.0)
13:09:21.514 [JavaFX Application Thread] DEBUG PrimaryStageWindow   - Set initial scene to FXGLStartupScene
13:09:21.518 [JavaFX Application Thread] DEBUG PrimaryStageWindow   - Opening main window
13:09:21.607 [JavaFX Application Thread] DEBUG PrimaryStageWindow   - Window border size: (14.6666259765625, 37.33331298828125)
13:09:21.607 [JavaFX Application Thread] DEBUG PrimaryStageWindow   - Scaled size: 1280.0 x 720.0
13:09:21.607 [JavaFX Application Thread] DEBUG PrimaryStageWindow   - Scaled ratio: (1.0, 1.0)
13:09:21.607 [JavaFX Application Thread] DEBUG PrimaryStageWindow   - Scene size: 1280.0 x 720.0
13:09:21.607 [JavaFX Application Thread] DEBUG PrimaryStageWindow   - Stage size: 1294.6666259765625 x 757.3333129882812
13:09:21.615 [FXGL Background Thread 1 ] DEBUG Engine               - Initializing environment variables
13:09:21.666 [FXGL Background Thread 1 ] DEBUG FXGLAssetLoaderServi - User app class for loading assets: class com.group.game.dashdash.HelloApplication
13:09:21.666 [FXGL Background Thread 1 ] DEBUG GameApplicationServi - Applying CSS: fxgl_dark.css
13:09:21.668 [FXGL Background Thread 1 ] DEBUG FXGLAssetLoaderServi - Loading from file system: jar:file:///C:/Users/U-ser/.m2/repository/com/github/almasb/fxgl/17.3/fxgl-17.3.jar!/fxglassets/ui/css/fxgl_dark.css
13:09:21.703 [FXGL Background Thread 1 ] DEBUG GameApplicationServi - Initializing application scenes
13:09:21.741 [FXGL Background Thread 1 ] DEBUG GameWorld            - Game world initialized
13:09:21.786 [FXGL Background Thread 1 ] DEBUG PhysicsWorld         - Physics world initialized: appHeight=720, physics.ppm=50.0
13:09:21.787 [FXGL Background Thread 1 ] DEBUG PhysicsWorld         - Using strategy: BRUTE_FORCE
13:09:21.792 [FXGL Background Thread 1 ] DEBUG GameScene            - Game scene initialized: 1280x720
13:09:21.805 [FXGL Background Thread 1 ] DEBUG FXGL.DefaultMenu     - createMenuBodyGameMenu()
13:09:21.818 [FXGL Background Thread 1 ] DEBUG FXGL.DefaultMenu     - createOptionsMenu()
13:09:21.826 [FXGL Background Thread 1 ] DEBUG FXGLAssetLoaderServi - Loading from file system: jar:file:///C:/Users/U-ser/.m2/repository/com/github/almasb/fxgl/17.3/fxgl-17.3.jar!/fxglassets/textures/particles/smoke.png
13:09:21.907 [FXGL Background Thread 1 ] DEBUG FXGLAssetLoaderServi - Loading from file system: jar:file:///C:/Users/U-ser/.m2/repository/com/github/almasb/fxgl/17.3/fxgl-17.3.jar!/fxglassets/textures/particles/trace_horizontal.png
13:09:21.932 [FXGL Background Thread 1 ] DEBUG GameApplicationServi - Application scenes initialized
13:09:21.948 [FXGL Background Thread 1 ] DEBUG SystemBundleService  - Loading default FXGL system data
13:09:21.948 [FXGL Background Thread 1 ] DEBUG UpdaterService       - Checking for updates
13:09:21.954 [FXGL Background Thread 4 ] DEBUG FXGLApplication      - Loading fonts
13:09:21.955 [FXGL Background Thread 4 ] DEBUG FXGLAssetLoaderServi - Loading from file system: jar:file:///C:/Users/U-ser/.m2/repository/com/github/almasb/fxgl/17.3/fxgl-17.3.jar!/fxglassets/ui/fonts/VarelaRound-Regular.ttf
13:09:21.955 [FXGL Background Thread 1 ] DEBUG FXGLApplication      - Loading default localization
13:09:21.955 [FXGL Background Thread 1 ] DEBUG FXGLAssetLoaderServi - Loading from file system: jar:file:///C:/Users/U-ser/.m2/repository/com/github/almasb/fxgl/17.3/fxgl-17.3.jar!/fxglassets/languages/english.lang
13:09:21.975 [FXGL Background Thread 1 ] INFO  FXGLApplication      - FXGL initialization took: 0.360 sec
13:09:21.987 [JavaFX Application Thread] DEBUG Input                - Registered new binding: Jump - Space
13:09:21.988 [JavaFX Application Thread] WARN  FXGLAssetLoaderServi - Asset "/assets/music/bgm.mp3" was not found!
13:09:21.988 [JavaFX Application Thread] WARN  FXGLAssetLoaderServi - Failed to load MUSIC
13:09:21.989 [FXGL Background Thread 4 ] DEBUG FXGLAssetLoaderServi - Loading from file system: jar:file:///C:/Users/U-ser/.m2/repository/com/github/almasb/fxgl/17.3/fxgl-17.3.jar!/fxglassets/ui/fonts/Abel-Regular.ttf
13:09:21.989 [JavaFX Application Thread] DEBUG AudioPlayer          - Playing music com.almasb.fxgl.audio.Music@5e5e4367
13:09:21.990 [JavaFX Application Thread] DEBUG FXGLAssetLoaderServi - Loading from file system: jar:file:///C:/Users/U-ser/.m2/repository/com/github/almasb/fxgl/17.3/fxgl-17.3.jar!/fxglassets/textures/fxgl_icon.png
13:09:21.994 [FXGL Background Thread 4 ] DEBUG FXGLAssetLoaderServi - Loading from file system: jar:file:///C:/Users/U-ser/.m2/repository/com/github/almasb/fxgl/17.3/fxgl-17.3.jar!/fxglassets/ui/fonts/TerminalLandMono-Regular.otf
13:09:21.999 [FXGL Background Thread 4 ] DEBUG FXGLAssetLoaderServi - Loading from file system: jar:file:///C:/Users/U-ser/.m2/repository/com/github/almasb/fxgl/17.3/fxgl-17.3.jar!/fxglassets/ui/fonts/Courier-Prime.ttf
13:09:22.010 [JavaFX Application Thread] DEBUG FXGLAssetLoaderServi - Loading from file system: jar:file:///C:/Users/U-ser/.m2/repository/com/github/almasb/fxgl/17.3/fxgl-17.3.jar!/fxglassets/textures/fxgl_default_cursor.png
13:09:22.013 [JavaFX Application Thread] DEBUG Input                - Registered new binding: Screenshot - CTRL+8
13:09:22.014 [JavaFX Application Thread] DEBUG Input                - Registered new binding: System info dump - CTRL+9
13:09:22.014 [JavaFX Application Thread] DEBUG Input                - Registered new binding: Restart - CTRL+R
13:09:22.015 [JavaFX Application Thread] DEBUG Input                - Registered new binding: Toggle Debug Camera - CTRL+7
13:09:22.017 [JavaFX Application Thread] DEBUG LoopRunner           - Starting loop
13:09:22.017 [JavaFX Application Thread] DEBUG LoopRunner           - Initializing JavaFX AnimationTimerLoop
13:09:22.017 [JavaFX Application Thread] DEBUG GameApplicationServi - Starting new game
13:09:22.018 [JavaFX Application Thread] DEBUG Input                - Clearing active input actions
13:09:22.031 [JavaFX Application Thread] DEBUG GameApplicationServi - Removing overlay from FXGLStartupScene and adding to FXGLLoadingScene
13:09:22.032 [JavaFX Application Thread] DEBUG PrimaryStageWindow   - FXGLStartupScene -> FXGLLoadingScene
13:09:22.032 [JavaFX Application Thread] DEBUG GameApplicationServi - Clearing previous game
13:09:22.032 [JavaFX Application Thread] DEBUG GameScene            - Clearing game scene
13:09:22.032 [JavaFX Application Thread] DEBUG GameWorld            - Clearing game world
13:09:22.033 [JavaFX Application Thread] DEBUG PhysicsWorld         - Clearing physics world
13:09:22.035 [JavaFX Application Thread] DEBUG FXGLApplication      - Registering font factories with UI factory
13:09:22.035 [FXGL Background Thread 4 ] DEBUG FXGLApplication      - Initializing game
13:09:22.054 [FXGL Background Thread 4 ] WARN  FXGLAssetLoaderServi - Asset "/assets/textures/bird.png" was not found!
13:09:22.055 [FXGL Background Thread 4 ] WARN  FXGLAssetLoaderServi - Failed to load IMAGE
13:09:22.195 [FXGL Background Thread 4 ] INFO  FXGLApplication      - Game initialization took: 0.161 sec
13:09:22.209 [JavaFX Application Thread] DEBUG Input                - Clearing active input actions
13:09:22.218 [JavaFX Application Thread] DEBUG GameApplicationServi - Removing overlay from FXGLLoadingScene and adding to GameScene
13:09:22.219 [JavaFX Application Thread] DEBUG PrimaryStageWindow   - FXGLLoadingScene -> GameScene
13:09:22.865 [FXGL Background Thread 2 ] INFO  UpdaterService       - Your current version:  17.3
13:09:22.865 [FXGL Background Thread 2 ] INFO  UpdaterService       - Latest stable version: 21.1
13:09:23.465 [JavaFX Application Thread] WARN  FXGLAssetLoaderServi - Asset "/assets/sounds/jump.wav" was not found!
13:09:23.465 [JavaFX Application Thread] WARN  FXGLAssetLoaderServi - Failed to load SOUND
13:09:24.002 [JavaFX Application Thread] WARN  FXGLAssetLoaderServi - Asset "/assets/sounds/jump.wav" was not found!
13:09:24.002 [JavaFX Application Thread] WARN  FXGLAssetLoaderServi - Failed to load SOUND
13:09:24.953 [FXGL Background Thread 3 ] DEBUG Engine               - Logging environment variables
13:09:24.953 [FXGL Background Thread 3 ] DEBUG Engine               - achievements: []
13:09:24.953 [FXGL Background Thread 3 ] DEBUG Engine               - actualHeight: 720.0
13:09:24.953 [FXGL Background Thread 3 ] DEBUG Engine               - actualHeightProperty: ReadOnlyDoubleProperty [value: 720.0]
13:09:24.953 [FXGL Background Thread 3 ] DEBUG Engine               - actualWidth: 1280.0
13:09:24.953 [FXGL Background Thread 3 ] DEBUG Engine               - actualWidthProperty: ReadOnlyDoubleProperty [value: 1280.0]
13:09:24.953 [FXGL Background Thread 3 ] DEBUG Engine               - appIcon: fxgl_icon.png
13:09:24.953 [FXGL Background Thread 3 ] DEBUG Engine               - applicationMode: DEVELOPER
13:09:24.953 [FXGL Background Thread 3 ] DEBUG Engine               - cSSList: [fxgl_dark.css]
13:09:24.953 [FXGL Background Thread 3 ] DEBUG Engine               - collisionDetectionStrategy: BRUTE_FORCE
13:09:24.953 [FXGL Background Thread 3 ] DEBUG Engine               - configClass: Optional.empty
13:09:24.953 [FXGL Background Thread 3 ] DEBUG Engine               - credits: []
13:09:24.954 [FXGL Background Thread 3 ] DEBUG Engine               - defaultCursor: CursorInfo(imageName=fxgl_default_cursor.png, hotspotX=7.0, hotspotY=6.0)
13:09:24.954 [FXGL Background Thread 3 ] DEBUG Engine               - devBBoxColorProperty: ObjectProperty [value: 0xff0000ff]
13:09:24.954 [FXGL Background Thread 3 ] DEBUG Engine               - devEnableDebugCameraProperty: BooleanProperty [value: false]
13:09:24.954 [FXGL Background Thread 3 ] DEBUG Engine               - devSensorColorProperty: ObjectProperty [value: 0xffff00ff]
13:09:24.954 [FXGL Background Thread 3 ] DEBUG Engine               - devShowBBoxProperty: BooleanProperty [value: false]
13:09:24.954 [FXGL Background Thread 3 ] DEBUG Engine               - devShowPositionProperty: BooleanProperty [value: false]
13:09:24.954 [FXGL Background Thread 3 ] DEBUG Engine               - enabledMenuItems: []
13:09:24.954 [FXGL Background Thread 3 ] DEBUG Engine               - engineServices: [class com.almasb.fxgl.app.services.FXGLAssetLoaderService, class com.almasb.fxgl.app.FXGLApplication$GameApplicationService, class com.almasb.fxgl.app.services.FXGLDialogService, class com.almasb.fxgl.app.services.IOTaskExecutorService, class com.almasb.fxgl.io.FileSystemService, class com.almasb.fxgl.localization.LocalizationService, class com.almasb.fxgl.app.services.SystemBundleService, class com.almasb.fxgl.profile.SaveLoadService, class com.almasb.fxgl.ui.FXGLUIFactoryServiceProvider, class com.almasb.fxgl.ui.FXGLDialogFactoryServiceProvider, class com.almasb.fxgl.audio.AudioPlayer, class com.almasb.fxgl.notification.impl.NotificationServiceProvider, class com.almasb.fxgl.achievement.AchievementService, class com.almasb.fxgl.cutscene.CutsceneService, class com.almasb.fxgl.minigames.MiniGameService, class com.almasb.fxgl.net.NetService, class com.almasb.fxgl.app.services.UpdaterService, class com.almasb.fxgl.dev.DevService]
13:09:24.954 [FXGL Background Thread 3 ] DEBUG Engine               - fontGame: Abel-Regular.ttf
13:09:24.954 [FXGL Background Thread 3 ] DEBUG Engine               - fontMono: TerminalLandMono-Regular.otf
13:09:24.954 [FXGL Background Thread 3 ] DEBUG Engine               - fontSizeScaleUI: 1.0
13:09:24.954 [FXGL Background Thread 3 ] DEBUG Engine               - fontText: Courier-Prime.ttf
13:09:24.954 [FXGL Background Thread 3 ] DEBUG Engine               - fontUI: VarelaRound-Regular.ttf
13:09:24.954 [FXGL Background Thread 3 ] DEBUG Engine               - fullScreen: BooleanProperty [value: false]
13:09:24.954 [FXGL Background Thread 3 ] DEBUG Engine               - gameDifficulty: MEDIUM
13:09:24.954 [FXGL Background Thread 3 ] DEBUG Engine               - gameDifficultyProperty: ObjectProperty [value: MEDIUM]
13:09:24.954 [FXGL Background Thread 3 ] DEBUG Engine               - globalMusicVolume: 0.5
13:09:24.954 [FXGL Background Thread 3 ] DEBUG Engine               - globalMusicVolumeProperty: DoubleProperty [value: 0.5]
13:09:24.954 [FXGL Background Thread 3 ] DEBUG Engine               - globalSoundVolume: 0.5
13:09:24.954 [FXGL Background Thread 3 ] DEBUG Engine               - globalSoundVolumeProperty: DoubleProperty [value: 0.5]
13:09:24.954 [FXGL Background Thread 3 ] DEBUG Engine               - height: 720
13:09:24.954 [FXGL Background Thread 3 ] DEBUG Engine               - is3D: false
13:09:24.954 [FXGL Background Thread 3 ] DEBUG Engine               - isAndroid: false
13:09:24.954 [FXGL Background Thread 3 ] DEBUG Engine               - isBrowser: false
13:09:24.954 [FXGL Background Thread 3 ] DEBUG Engine               - isClickFeedbackEnabled: false
13:09:24.954 [FXGL Background Thread 3 ] DEBUG Engine               - isCloseConfirmation: false
13:09:24.954 [FXGL Background Thread 3 ] DEBUG Engine               - isDesktop: true
13:09:24.954 [FXGL Background Thread 3 ] DEBUG Engine               - isDeveloperMenuEnabled: false
13:09:24.954 [FXGL Background Thread 3 ] DEBUG Engine               - isEmbedded: false
13:09:24.954 [FXGL Background Thread 3 ] DEBUG Engine               - isEntityPreloadEnabled: true
13:09:24.955 [FXGL Background Thread 3 ] DEBUG Engine               - isExperimentalTiledLargeMap: false
13:09:24.955 [FXGL Background Thread 3 ] DEBUG Engine               - isFileSystemWriteAllowed: true
13:09:24.955 [FXGL Background Thread 3 ] DEBUG Engine               - isFullScreenAllowed: false
13:09:24.955 [FXGL Background Thread 3 ] DEBUG Engine               - isFullScreenFromStart: false
13:09:24.955 [FXGL Background Thread 3 ] DEBUG Engine               - isGameMenuEnabled: true
13:09:24.955 [FXGL Background Thread 3 ] DEBUG Engine               - isIOS: false
13:09:24.955 [FXGL Background Thread 3 ] DEBUG Engine               - isIntroEnabled: false
13:09:24.955 [FXGL Background Thread 3 ] DEBUG Engine               - isLinux: false
13:09:24.955 [FXGL Background Thread 3 ] DEBUG Engine               - isMac: false
13:09:24.955 [FXGL Background Thread 3 ] DEBUG Engine               - isMainMenuEnabled: false
13:09:24.955 [FXGL Background Thread 3 ] DEBUG Engine               - isManualResizeEnabled: false
13:09:24.955 [FXGL Background Thread 3 ] DEBUG Engine               - isMobile: false
13:09:24.955 [FXGL Background Thread 3 ] DEBUG Engine               - isNative: false
13:09:24.955 [FXGL Background Thread 3 ] DEBUG Engine               - isPauseMusicWhenMinimized: true
13:09:24.955 [FXGL Background Thread 3 ] DEBUG Engine               - isPreserveResizeRatio: false
13:09:24.955 [FXGL Background Thread 3 ] DEBUG Engine               - isProfilingEnabled: false
13:09:24.955 [FXGL Background Thread 3 ] DEBUG Engine               - isScaleAffectedOnResize: true
13:09:24.955 [FXGL Background Thread 3 ] DEBUG Engine               - isSingleStep: false
13:09:24.955 [FXGL Background Thread 3 ] DEBUG Engine               - isUserProfileEnabled: false
13:09:24.955 [FXGL Background Thread 3 ] DEBUG Engine               - isWindows: true
13:09:24.955 [FXGL Background Thread 3 ] DEBUG Engine               - language: ObjectProperty [value: ENGLISH]
13:09:24.955 [FXGL Background Thread 3 ] DEBUG Engine               - menuKey: ESCAPE
13:09:24.955 [FXGL Background Thread 3 ] DEBUG Engine               - mouseSensitivity: 0.2
13:09:24.955 [FXGL Background Thread 3 ] DEBUG Engine               - notificationViewClass: class com.almasb.fxgl.notification.view.XboxNotificationView
13:09:24.955 [FXGL Background Thread 3 ] DEBUG Engine               - pixelsPerMeter: 50.0
13:09:24.955 [FXGL Background Thread 3 ] DEBUG Engine               - platform: WINDOWS
13:09:24.955 [FXGL Background Thread 3 ] DEBUG Engine               - prefHeightProperty: ReadOnlyDoubleProperty [value: 720.0]
13:09:24.955 [FXGL Background Thread 3 ] DEBUG Engine               - prefWidthProperty: ReadOnlyDoubleProperty [value: 1280.0]
13:09:24.955 [FXGL Background Thread 3 ] DEBUG Engine               - profileDir: profiles/
13:09:24.955 [FXGL Background Thread 3 ] DEBUG Engine               - profileName: StringProperty [value: DEFAULT]
13:09:24.955 [FXGL Background Thread 3 ] DEBUG Engine               - randomSeed: -1
13:09:24.955 [FXGL Background Thread 3 ] DEBUG Engine               - runtimeInfo: RuntimeInfo(platform=WINDOWS, version=17.3, build=30.03.2023 11.49)
13:09:24.955 [FXGL Background Thread 3 ] DEBUG Engine               - saveFileExt: sav
13:09:24.955 [FXGL Background Thread 3 ] DEBUG Engine               - scaledHeightProp$fxgl: DoubleProperty [bound, value: 720.0]
13:09:24.955 [FXGL Background Thread 3 ] DEBUG Engine               - scaledWidthProp$fxgl: DoubleProperty [bound, value: 1280.0]
13:09:24.955 [FXGL Background Thread 3 ] DEBUG Engine               - sceneFactory: com.almasb.fxgl.app.scene.SceneFactory@416e11b8
13:09:24.955 [FXGL Background Thread 3 ] DEBUG Engine               - secondsIn24h: 60
13:09:24.955 [FXGL Background Thread 3 ] DEBUG Engine               - soundMenuBack: menu/back.wav
13:09:24.955 [FXGL Background Thread 3 ] DEBUG Engine               - soundMenuPress: menu/press.wav
13:09:24.955 [FXGL Background Thread 3 ] DEBUG Engine               - soundMenuSelect: menu/select.wav
13:09:24.955 [FXGL Background Thread 3 ] DEBUG Engine               - soundNotification: core/notification.wav
13:09:24.955 [FXGL Background Thread 3 ] DEBUG Engine               - stageStyle: DECORATED
13:09:24.955 [FXGL Background Thread 3 ] DEBUG Engine               - supportedLanguages: [ENGLISH, FRENCH, GERMAN, HUNGARIAN, RUSSIAN]
13:09:24.955 [FXGL Background Thread 3 ] DEBUG Engine               - ticksPerSecond: -1
13:09:24.955 [FXGL Background Thread 3 ] DEBUG Engine               - title: Flappy Bird Clone
13:09:24.955 [FXGL Background Thread 3 ] DEBUG Engine               - urlGithub: https://github.com/AlmasB/FXGL
13:09:24.955 [FXGL Background Thread 3 ] DEBUG Engine               - urlLeaderboard: http://fxgl-top.herokuapp.com/
13:09:24.955 [FXGL Background Thread 3 ] DEBUG Engine               - urlPOM: https://raw.githubusercontent.com/AlmasB/FXGL/release/README.md
13:09:24.955 [FXGL Background Thread 3 ] DEBUG Engine               - userAppClass: class com.group.game.dashdash.HelloApplication
13:09:24.955 [FXGL Background Thread 3 ] DEBUG Engine               - version: 1.0
13:09:24.955 [FXGL Background Thread 3 ] DEBUG Engine               - versionCheckDays: 7
13:09:24.955 [FXGL Background Thread 3 ] DEBUG Engine               - width: 1280
13:09:24.955 [FXGL Background Thread 3 ] DEBUG Engine               - Logging services
13:09:24.955 [FXGL Background Thread 3 ] DEBUG Engine               - class com.almasb.fxgl.app.services.FXGLAssetLoaderService
13:09:24.955 [FXGL Background Thread 3 ] DEBUG Engine               - class com.almasb.fxgl.app.FXGLApplication$GameApplicationService
13:09:24.955 [FXGL Background Thread 3 ] DEBUG Engine               - class com.almasb.fxgl.app.services.FXGLDialogService
13:09:24.955 [FXGL Background Thread 3 ] DEBUG Engine               - class com.almasb.fxgl.app.services.IOTaskExecutorService
13:09:24.955 [FXGL Background Thread 3 ] DEBUG Engine               - class com.almasb.fxgl.io.FileSystemService
13:09:24.955 [FXGL Background Thread 3 ] DEBUG Engine               - class com.almasb.fxgl.localization.LocalizationService
13:09:24.955 [FXGL Background Thread 3 ] DEBUG Engine               - class com.almasb.fxgl.app.services.SystemBundleService
13:09:24.955 [FXGL Background Thread 3 ] DEBUG Engine               - class com.almasb.fxgl.profile.SaveLoadService
13:09:24.955 [FXGL Background Thread 3 ] DEBUG Engine               - class com.almasb.fxgl.ui.FXGLUIFactoryServiceProvider
13:09:24.955 [FXGL Background Thread 3 ] DEBUG Engine               - class com.almasb.fxgl.ui.FXGLDialogFactoryServiceProvider
13:09:24.955 [FXGL Background Thread 3 ] DEBUG Engine               - class com.almasb.fxgl.audio.AudioPlayer
13:09:24.955 [FXGL Background Thread 3 ] DEBUG Engine               - class com.almasb.fxgl.notification.impl.NotificationServiceProvider
13:09:24.955 [FXGL Background Thread 3 ] DEBUG Engine               - class com.almasb.fxgl.achievement.AchievementService
13:09:24.956 [FXGL Background Thread 3 ] DEBUG Engine               - class com.almasb.fxgl.cutscene.CutsceneService
13:09:24.956 [FXGL Background Thread 3 ] DEBUG Engine               - class com.almasb.fxgl.minigames.MiniGameService
13:09:24.956 [FXGL Background Thread 3 ] DEBUG Engine               - class com.almasb.fxgl.net.NetService
13:09:24.956 [FXGL Background Thread 3 ] DEBUG Engine               - class com.almasb.fxgl.app.services.UpdaterService
13:09:24.956 [FXGL Background Thread 3 ] DEBUG Engine               - class com.almasb.fxgl.dev.DevService
13:09:25.147 [JavaFX Application Thread] WARN  FXGLAssetLoaderServi - Asset "/assets/sounds/jump.wav" was not found!
13:09:25.147 [JavaFX Application Thread] WARN  FXGLAssetLoaderServi - Failed to load SOUND
13:09:26.496 [JavaFX Application Thread] WARN  FXGLAssetLoaderServi - Asset "/assets/sounds/jump.wav" was not found!
13:09:26.496 [JavaFX Application Thread] WARN  FXGLAssetLoaderServi - Failed to load SOUND
13:09:26.962 [JavaFX Application Thread] WARN  FXGLAssetLoaderServi - Asset "/assets/sounds/jump.wav" was not found!
13:09:26.962 [JavaFX Application Thread] WARN  FXGLAssetLoaderServi - Failed to load SOUND
13:09:28.229 [JavaFX Application Thread] WARN  FXGLAssetLoaderServi - Asset "/assets/sounds/jump.wav" was not found!
13:09:28.229 [JavaFX Application Thread] WARN  FXGLAssetLoaderServi - Failed to load SOUND
13:09:29.208 [JavaFX Application Thread] WARN  FXGLAssetLoaderServi - Asset "/assets/sounds/jump.wav" was not found!
13:09:29.208 [JavaFX Application Thread] WARN  FXGLAssetLoaderServi - Failed to load SOUND
13:09:29.399 [JavaFX Application Thread] WARN  FXGLAssetLoaderServi - Asset "/assets/sounds/jump.wav" was not found!
13:09:29.399 [JavaFX Application Thread] WARN  FXGLAssetLoaderServi - Failed to load SOUND
13:09:29.795 [JavaFX Application Thread] WARN  FXGLAssetLoaderServi - Asset "/assets/sounds/jump.wav" was not found!
13:09:29.795 [JavaFX Application Thread] WARN  FXGLAssetLoaderServi - Failed to load SOUND
13:09:30.332 [JavaFX Application Thread] WARN  FXGLAssetLoaderServi - Asset "/assets/sounds/jump.wav" was not found!
13:09:30.332 [JavaFX Application Thread] WARN  FXGLAssetLoaderServi - Failed to load SOUND
13:09:31.829 [JavaFX Application Thread] WARN  FXGLAssetLoaderServi - Asset "/assets/sounds/jump.wav" was not found!
13:09:31.829 [JavaFX Application Thread] WARN  FXGLAssetLoaderServi - Failed to load SOUND
13:09:33.601 [JavaFX Application Thread] WARN  FXGLAssetLoaderServi - Asset "/assets/sounds/jump.wav" was not found!
13:09:33.601 [JavaFX Application Thread] WARN  FXGLAssetLoaderServi - Failed to load SOUND
13:09:33.736 [JavaFX Application Thread] DEBUG GameApplicationServi - Starting new game
13:09:33.737 [JavaFX Application Thread] DEBUG Input                - Clearing active input actions
13:09:33.741 [JavaFX Application Thread] DEBUG GameApplicationServi - Removing overlay from GameScene and adding to FXGLLoadingScene
13:09:33.741 [JavaFX Application Thread] DEBUG PrimaryStageWindow   - GameScene -> FXGLLoadingScene
13:09:33.741 [JavaFX Application Thread] DEBUG GameApplicationServi - Clearing previous game
13:09:33.741 [JavaFX Application Thread] DEBUG GameScene            - Clearing game scene
13:09:33.741 [JavaFX Application Thread] DEBUG GameWorld            - Clearing game world
13:09:33.745 [JavaFX Application Thread] DEBUG PhysicsWorld         - Clearing physics world
13:09:33.745 [FXGL Background Thread 2 ] DEBUG FXGLApplication      - Initializing game
13:09:33.746 [FXGL Background Thread 2 ] WARN  FXGLAssetLoaderServi - Asset "/assets/textures/bird.png" was not found!
13:09:33.746 [FXGL Background Thread 2 ] WARN  FXGLAssetLoaderServi - Failed to load IMAGE
13:09:33.747 [FXGL Background Thread 2 ] INFO  FXGLApplication      - Game initialization took: 0.002 sec
13:09:33.748 [JavaFX Application Thread] DEBUG Input                - Clearing active input actions
13:09:33.752 [JavaFX Application Thread] DEBUG GameApplicationServi - Removing overlay from FXGLLoadingScene and adding to GameScene
13:09:33.752 [JavaFX Application Thread] DEBUG PrimaryStageWindow   - FXGLLoadingScene -> GameScene
13:09:35.129 [JavaFX Application Thread] WARN  FXGLAssetLoaderServi - Asset "/assets/sounds/jump.wav" was not found!
13:09:35.129 [JavaFX Application Thread] WARN  FXGLAssetLoaderServi - Failed to load SOUND
13:09:36.456 [JavaFX Application Thread] DEBUG GameApplicationServi - Starting new game
13:09:36.456 [JavaFX Application Thread] DEBUG Input                - Clearing active input actions
13:09:36.461 [JavaFX Application Thread] DEBUG GameApplicationServi - Removing overlay from GameScene and adding to FXGLLoadingScene
13:09:36.461 [JavaFX Application Thread] DEBUG PrimaryStageWindow   - GameScene -> FXGLLoadingScene
13:09:36.461 [JavaFX Application Thread] DEBUG GameApplicationServi - Clearing previous game
13:09:36.461 [JavaFX Application Thread] DEBUG GameScene            - Clearing game scene
13:09:36.461 [JavaFX Application Thread] DEBUG GameWorld            - Clearing game world
13:09:36.463 [JavaFX Application Thread] DEBUG PhysicsWorld         - Clearing physics world
13:09:36.463 [FXGL Background Thread 2 ] DEBUG FXGLApplication      - Initializing game
13:09:36.464 [FXGL Background Thread 2 ] WARN  FXGLAssetLoaderServi - Asset "/assets/textures/bird.png" was not found!
13:09:36.464 [FXGL Background Thread 2 ] WARN  FXGLAssetLoaderServi - Failed to load IMAGE
13:09:36.465 [FXGL Background Thread 2 ] INFO  FXGLApplication      - Game initialization took: 0.002 sec
13:09:36.466 [JavaFX Application Thread] DEBUG Input                - Clearing active input actions
13:09:36.468 [JavaFX Application Thread] DEBUG GameApplicationServi - Removing overlay from FXGLLoadingScene and adding to GameScene
13:09:36.468 [JavaFX Application Thread] DEBUG PrimaryStageWindow   - FXGLLoadingScene -> GameScene
13:09:37.992 [JavaFX Application Thread] DEBUG GameApplicationServi - Starting new game
13:09:37.992 [JavaFX Application Thread] DEBUG Input                - Clearing active input actions
13:09:37.996 [JavaFX Application Thread] DEBUG GameApplicationServi - Removing overlay from GameScene and adding to FXGLLoadingScene
13:09:37.996 [JavaFX Application Thread] DEBUG PrimaryStageWindow   - GameScene -> FXGLLoadingScene
13:09:37.996 [JavaFX Application Thread] DEBUG GameApplicationServi - Clearing previous game
13:09:37.996 [JavaFX Application Thread] DEBUG GameScene            - Clearing game scene
13:09:37.996 [JavaFX Application Thread] DEBUG GameWorld            - Clearing game world
13:09:37.997 [JavaFX Application Thread] DEBUG PhysicsWorld         - Clearing physics world
13:09:37.998 [FXGL Background Thread 2 ] DEBUG FXGLApplication      - Initializing game
13:09:37.998 [FXGL Background Thread 2 ] WARN  FXGLAssetLoaderServi - Asset "/assets/textures/bird.png" was not found!
13:09:37.998 [FXGL Background Thread 2 ] WARN  FXGLAssetLoaderServi - Failed to load IMAGE
13:09:37.999 [FXGL Background Thread 2 ] INFO  FXGLApplication      - Game initialization took: 0.001 sec
13:09:38.000 [JavaFX Application Thread] DEBUG Input                - Clearing active input actions
13:09:38.002 [JavaFX Application Thread] DEBUG GameApplicationServi - Removing overlay from FXGLLoadingScene and adding to GameScene
13:09:38.002 [JavaFX Application Thread] DEBUG PrimaryStageWindow   - FXGLLoadingScene -> GameScene
13:09:38.297 [JavaFX Application Thread] WARN  FXGLAssetLoaderServi - Asset "/assets/sounds/jump.wav" was not found!
13:09:38.297 [JavaFX Application Thread] WARN  FXGLAssetLoaderServi - Failed to load SOUND
13:09:39.551 [JavaFX Application Thread] WARN  FXGLAssetLoaderServi - Asset "/assets/sounds/jump.wav" was not found!
13:09:39.552 [JavaFX Application Thread] WARN  FXGLAssetLoaderServi - Failed to load SOUND
13:09:40.678 [JavaFX Application Thread] WARN  FXGLAssetLoaderServi - Asset "/assets/sounds/jump.wav" was not found!
13:09:40.680 [JavaFX Application Thread] WARN  FXGLAssetLoaderServi - Failed to load SOUND
13:09:40.836 [JavaFX Application Thread] WARN  FXGLAssetLoaderServi - Asset "/assets/sounds/jump.wav" was not found!
13:09:40.836 [JavaFX Application Thread] WARN  FXGLAssetLoaderServi - Failed to load SOUND
13:09:42.513 [JavaFX Application Thread] WARN  FXGLAssetLoaderServi - Asset "/assets/sounds/jump.wav" was not found!
13:09:42.513 [JavaFX Application Thread] WARN  FXGLAssetLoaderServi - Failed to load SOUND
13:09:43.867 [JavaFX Application Thread] DEBUG Input                - Mocking key press: Space
13:09:43.869 [JavaFX Application Thread] WARN  FXGLAssetLoaderServi - Asset "/assets/sounds/jump.wav" was not found!
13:09:43.869 [JavaFX Application Thread] WARN  FXGLAssetLoaderServi - Failed to load SOUND
13:09:43.880 [JavaFX Application Thread] DEBUG Input                - Mocking key release: Space
13:09:44.082 [JavaFX Application Thread] WARN  FXGLAssetLoaderServi - Asset "/assets/sounds/jump.wav" was not found!
13:09:44.083 [JavaFX Application Thread] WARN  FXGLAssetLoaderServi - Failed to load SOUND
13:09:45.480 [JavaFX Application Thread] DEBUG Input                - Mocking key press: Space
13:09:45.480 [JavaFX Application Thread] WARN  FXGLAssetLoaderServi - Asset "/assets/sounds/jump.wav" was not found!
13:09:45.480 [JavaFX Application Thread] WARN  FXGLAssetLoaderServi - Failed to load SOUND
13:09:45.481 [JavaFX Application Thread] DEBUG Input                - Mocking key release: Space
13:09:45.957 [JavaFX Application Thread] DEBUG Input                - Mocking key press: Space
13:09:45.957 [JavaFX Application Thread] WARN  FXGLAssetLoaderServi - Asset "/assets/sounds/jump.wav" was not found!
13:09:45.957 [JavaFX Application Thread] WARN  FXGLAssetLoaderServi - Failed to load SOUND
13:09:45.957 [JavaFX Application Thread] DEBUG Input                - Mocking key release: Space
13:09:47.215 [JavaFX Application Thread] DEBUG Input                - Mocking key press: Space
13:09:47.215 [JavaFX Application Thread] WARN  FXGLAssetLoaderServi - Asset "/assets/sounds/jump.wav" was not found!
13:09:47.215 [JavaFX Application Thread] WARN  FXGLAssetLoaderServi - Failed to load SOUND
13:09:47.216 [JavaFX Application Thread] DEBUG Input                - Mocking key release: Space
13:09:47.765 [JavaFX Application Thread] DEBUG Input                - Mocking key press: Space
13:09:47.765 [JavaFX Application Thread] WARN  FXGLAssetLoaderServi - Asset "/assets/sounds/jump.wav" was not found!
13:09:47.765 [JavaFX Application Thread] WARN  FXGLAssetLoaderServi - Failed to load SOUND
13:09:47.766 [JavaFX Application Thread] DEBUG Input                - Mocking key release: Space
13:09:49.159 [JavaFX Application Thread] DEBUG Input                - Mocking key press: Space
13:09:49.159 [JavaFX Application Thread] WARN  FXGLAssetLoaderServi - Asset "/assets/sounds/jump.wav" was not found!
13:09:49.159 [JavaFX Application Thread] WARN  FXGLAssetLoaderServi - Failed to load SOUND
13:09:49.160 [JavaFX Application Thread] DEBUG Input                - Mocking key release: Space
13:09:49.272 [JavaFX Application Thread] DEBUG Input                - Mocking key press: Space
13:09:49.272 [JavaFX Application Thread] WARN  FXGLAssetLoaderServi - Asset "/assets/sounds/jump.wav" was not found!
13:09:49.272 [JavaFX Application Thread] WARN  FXGLAssetLoaderServi - Failed to load SOUND
13:09:49.397 [JavaFX Application Thread] DEBUG Input                - Mocking key release: Space
13:09:50.968 [JavaFX Application Thread] DEBUG GameApplicationServi - Starting new game
13:09:50.968 [JavaFX Application Thread] DEBUG Input                - Clearing active input actions
13:09:50.970 [JavaFX Application Thread] DEBUG GameApplicationServi - Removing overlay from GameScene and adding to FXGLLoadingScene
13:09:50.970 [JavaFX Application Thread] DEBUG PrimaryStageWindow   - GameScene -> FXGLLoadingScene
13:09:50.970 [JavaFX Application Thread] DEBUG GameApplicationServi - Clearing previous game
13:09:50.970 [JavaFX Application Thread] DEBUG GameScene            - Clearing game scene
13:09:50.970 [JavaFX Application Thread] DEBUG GameWorld            - Clearing game world
13:09:50.971 [JavaFX Application Thread] DEBUG PhysicsWorld         - Clearing physics world
13:09:50.971 [FXGL Background Thread 2 ] DEBUG FXGLApplication      - Initializing game
13:09:50.971 [FXGL Background Thread 2 ] WARN  FXGLAssetLoaderServi - Asset "/assets/textures/bird.png" was not found!
13:09:50.972 [FXGL Background Thread 2 ] WARN  FXGLAssetLoaderServi - Failed to load IMAGE
13:09:50.972 [FXGL Background Thread 2 ] INFO  FXGLApplication      - Game initialization took: 0.001 sec
13:09:50.980 [JavaFX Application Thread] DEBUG Input                - Clearing active input actions
13:09:50.982 [JavaFX Application Thread] DEBUG GameApplicationServi - Removing overlay from FXGLLoadingScene and adding to GameScene
13:09:50.982 [JavaFX Application Thread] DEBUG PrimaryStageWindow   - FXGLLoadingScene -> GameScene
13:09:51.791 [JavaFX Application Thread] DEBUG FXGLApplication      - Exiting FXGL
13:09:51.791 [JavaFX Application Thread] DEBUG LoopRunner           - Stopping loop
13:09:51.791 [JavaFX Application Thread] DEBUG SystemBundleService  - Saving FXGL system data
13:09:51.794 [JavaFX Application Thread] DEBUG FileSystemAccess     - Writing to: D:\UI\project\Y2\CS223\1\game\DashDash\system\fxgl.bundle
13:09:51.802 [JavaFX Application Thread] DEBUG Async                - Shutting down background threads
13:09:51.802 [JavaFX Application Thread] DEBUG PrimaryStageWindow   - Closing main window
13:09:51.812 [JavaFX Application Thread] DEBUG Logger               - Closing Logger
