13:25:51.399 [main                     ] DEBUG Logger               - Configured Logger
13:25:51.404 [main                     ] DEBUG GameApplication      - Logging settings
Title: DashDash
Version: 0.0.1
Width: 1280
Height: 720
Fullscreen: false
Intro: false
Profiling: false
Single step:false
App Mode: DEVELOPER
Menu Key: ESCAPE
Stage Style: DECORATED
Scene Factory: class com.almasb.fxgl.app.scene.SceneFactory

13:25:51.692 [JavaFX Application Thread] DEBUG FXGLApplication      - Initializing FXGL
13:25:51.694 [JavaFX Application Thread] INFO  Engine               - FXGL-17.3 (30.03.2023 11.49) on WINDOWS (J:25.0.1 FX:21.0.6)
13:25:51.695 [JavaFX Application Thread] DEBUG Engine               - JRE Vendor Name: Eclipse Adoptium
13:25:51.695 [JavaFX Application Thread] DEBUG Engine               - Running on OS: Windows 11 version 10.0
13:25:51.695 [JavaFX Application Thread] DEBUG Engine               - Architecture: amd64
13:25:51.695 [JavaFX Application Thread] INFO  Engine               - Source code and latest versions at: https://github.com/AlmasB/FXGL
13:25:51.695 [JavaFX Application Thread] INFO  Engine               -       Ask questions and discuss at: https://github.com/AlmasB/FXGL/discussions
13:25:51.695 [JavaFX Application Thread] INFO  Engine               -              Join the FXGL chat at: https://gitter.im/AlmasB/FXGL
13:25:51.756 [JavaFX Application Thread] DEBUG PrimaryStageWindow   - Creating a JavaFX scene
13:25:51.787 [JavaFX Application Thread] DEBUG PrimaryStageWindow   - Target settings size: 1280.0 x 720.0
13:25:51.788 [JavaFX Application Thread] DEBUG PrimaryStageWindow   - Scaled scene size:    1280.0 x 720.0
13:25:51.788 [JavaFX Application Thread] DEBUG PrimaryStageWindow   - Scaled ratio: (1.0, 1.0)
13:25:51.788 [JavaFX Application Thread] DEBUG PrimaryStageWindow   - Set initial scene to FXGLStartupScene
13:25:51.790 [JavaFX Application Thread] DEBUG PrimaryStageWindow   - Opening main window
13:25:51.876 [JavaFX Application Thread] DEBUG PrimaryStageWindow   - Window border size: (14.6666259765625, 37.33331298828125)
13:25:51.876 [JavaFX Application Thread] DEBUG PrimaryStageWindow   - Scaled size: 1280.0 x 720.0
13:25:51.876 [JavaFX Application Thread] DEBUG PrimaryStageWindow   - Scaled ratio: (1.0, 1.0)
13:25:51.876 [JavaFX Application Thread] DEBUG PrimaryStageWindow   - Scene size: 1280.0 x 720.0
13:25:51.877 [JavaFX Application Thread] DEBUG PrimaryStageWindow   - Stage size: 1294.6666259765625 x 757.3333129882812
13:25:51.881 [FXGL Background Thread 1 ] DEBUG Engine               - Initializing environment variables
13:25:51.920 [FXGL Background Thread 1 ] DEBUG FXGLAssetLoaderServi - User app class for loading assets: class com.group.game.dashdash.HelloApplication
13:25:51.920 [FXGL Background Thread 1 ] DEBUG GameApplicationServi - Applying CSS: fxgl_dark.css
13:25:51.921 [FXGL Background Thread 1 ] DEBUG FXGLAssetLoaderServi - Loading from file system: jar:file:///C:/Users/U-ser/.m2/repository/com/github/almasb/fxgl/17.3/fxgl-17.3.jar!/fxglassets/ui/css/fxgl_dark.css
13:25:51.951 [FXGL Background Thread 1 ] DEBUG GameApplicationServi - Initializing application scenes
13:25:51.973 [FXGL Background Thread 1 ] DEBUG GameWorld            - Game world initialized
13:25:52.006 [FXGL Background Thread 1 ] DEBUG PhysicsWorld         - Physics world initialized: appHeight=720, physics.ppm=50.0
13:25:52.006 [FXGL Background Thread 1 ] DEBUG PhysicsWorld         - Using strategy: BRUTE_FORCE
13:25:52.009 [FXGL Background Thread 1 ] DEBUG GameScene            - Game scene initialized: 1280x720
13:25:52.018 [FXGL Background Thread 1 ] DEBUG FXGL.DefaultMenu     - createMenuBodyGameMenu()
13:25:52.028 [FXGL Background Thread 1 ] DEBUG FXGL.DefaultMenu     - createOptionsMenu()
13:25:52.035 [FXGL Background Thread 1 ] DEBUG FXGLAssetLoaderServi - Loading from file system: jar:file:///C:/Users/U-ser/.m2/repository/com/github/almasb/fxgl/17.3/fxgl-17.3.jar!/fxglassets/textures/particles/smoke.png
13:25:52.089 [FXGL Background Thread 1 ] DEBUG FXGLAssetLoaderServi - Loading from file system: jar:file:///C:/Users/U-ser/.m2/repository/com/github/almasb/fxgl/17.3/fxgl-17.3.jar!/fxglassets/textures/particles/trace_horizontal.png
13:25:52.105 [FXGL Background Thread 1 ] DEBUG GameApplicationServi - Application scenes initialized
13:25:52.115 [FXGL Background Thread 1 ] DEBUG SystemBundleService  - Loading FXGL system data
13:25:52.120 [FXGL Background Thread 1 ] DEBUG FileSystemAccess     - Reading from: D:\UI\project\Y2\CS223\1\game\DashDash\system\fxgl.bundle
13:25:52.125 [FXGL Background Thread 1 ] DEBUG SystemBundleService  - Bundle FXGL: {}
13:25:52.125 [FXGL Background Thread 1 ] DEBUG UpdaterService       - Checking for updates
13:25:52.128 [FXGL Background Thread 4 ] DEBUG FXGLApplication      - Loading fonts
13:25:52.128 [FXGL Background Thread 1 ] DEBUG FXGLApplication      - Loading default localization
13:25:52.128 [FXGL Background Thread 4 ] DEBUG FXGLAssetLoaderServi - Loading from file system: jar:file:///C:/Users/U-ser/.m2/repository/com/github/almasb/fxgl/17.3/fxgl-17.3.jar!/fxglassets/ui/fonts/VarelaRound-Regular.ttf
13:25:52.129 [FXGL Background Thread 1 ] DEBUG FXGLAssetLoaderServi - Loading from file system: jar:file:///C:/Users/U-ser/.m2/repository/com/github/almasb/fxgl/17.3/fxgl-17.3.jar!/fxglassets/languages/english.lang
13:25:52.141 [FXGL Background Thread 1 ] INFO  FXGLApplication      - FXGL initialization took: 0.260 sec
13:25:52.148 [JavaFX Application Thread] DEBUG Input                - Registered new binding: Jump - Space
13:25:52.148 [JavaFX Application Thread] WARN  FXGLAssetLoaderServi - Asset "/assets/music/bgm.mp3" was not found!
13:25:52.150 [JavaFX Application Thread] WARN  FXGLAssetLoaderServi - Failed to load MUSIC
13:25:52.151 [JavaFX Application Thread] DEBUG AudioPlayer          - Playing music com.almasb.fxgl.audio.Music@17b696d6
13:25:52.151 [JavaFX Application Thread] DEBUG FXGLAssetLoaderServi - Loading from file system: jar:file:///C:/Users/U-ser/.m2/repository/com/github/almasb/fxgl/17.3/fxgl-17.3.jar!/fxglassets/textures/fxgl_icon.png
13:25:52.157 [FXGL Background Thread 4 ] DEBUG FXGLAssetLoaderServi - Loading from file system: jar:file:///C:/Users/U-ser/.m2/repository/com/github/almasb/fxgl/17.3/fxgl-17.3.jar!/fxglassets/ui/fonts/Abel-Regular.ttf
13:25:52.161 [FXGL Background Thread 4 ] DEBUG FXGLAssetLoaderServi - Loading from file system: jar:file:///C:/Users/U-ser/.m2/repository/com/github/almasb/fxgl/17.3/fxgl-17.3.jar!/fxglassets/ui/fonts/TerminalLandMono-Regular.otf
13:25:52.164 [FXGL Background Thread 4 ] DEBUG FXGLAssetLoaderServi - Loading from file system: jar:file:///C:/Users/U-ser/.m2/repository/com/github/almasb/fxgl/17.3/fxgl-17.3.jar!/fxglassets/ui/fonts/Courier-Prime.ttf
13:25:52.166 [JavaFX Application Thread] DEBUG FXGLAssetLoaderServi - Loading from file system: jar:file:///C:/Users/U-ser/.m2/repository/com/github/almasb/fxgl/17.3/fxgl-17.3.jar!/fxglassets/textures/fxgl_default_cursor.png
13:25:52.167 [JavaFX Application Thread] DEBUG Input                - Registered new binding: Screenshot - CTRL+8
13:25:52.167 [JavaFX Application Thread] DEBUG Input                - Registered new binding: System info dump - CTRL+9
13:25:52.168 [JavaFX Application Thread] DEBUG Input                - Registered new binding: Restart - CTRL+R
13:25:52.168 [JavaFX Application Thread] DEBUG Input                - Registered new binding: Toggle Debug Camera - CTRL+7
13:25:52.170 [JavaFX Application Thread] DEBUG LoopRunner           - Starting loop
13:25:52.170 [JavaFX Application Thread] DEBUG LoopRunner           - Initializing JavaFX AnimationTimerLoop
13:25:52.171 [JavaFX Application Thread] DEBUG GameApplicationServi - Starting new game
13:25:52.172 [JavaFX Application Thread] DEBUG Input                - Clearing active input actions
13:25:52.182 [JavaFX Application Thread] DEBUG GameApplicationServi - Removing overlay from FXGLStartupScene and adding to FXGLLoadingScene
13:25:52.182 [JavaFX Application Thread] DEBUG PrimaryStageWindow   - FXGLStartupScene -> FXGLLoadingScene
13:25:52.182 [JavaFX Application Thread] DEBUG GameApplicationServi - Clearing previous game
13:25:52.183 [JavaFX Application Thread] DEBUG GameScene            - Clearing game scene
13:25:52.183 [JavaFX Application Thread] DEBUG GameWorld            - Clearing game world
13:25:52.183 [JavaFX Application Thread] DEBUG PhysicsWorld         - Clearing physics world
13:25:52.184 [FXGL Background Thread 4 ] DEBUG FXGLApplication      - Initializing game
13:25:52.184 [JavaFX Application Thread] DEBUG FXGLApplication      - Registering font factories with UI factory
13:25:52.196 [FXGL Background Thread 4 ] WARN  FXGLAssetLoaderServi - Asset "/assets/textures/bird.png" was not found!
13:25:52.196 [FXGL Background Thread 4 ] WARN  FXGLAssetLoaderServi - Failed to load IMAGE
13:25:52.271 [FXGL Background Thread 4 ] INFO  FXGLApplication      - Game initialization took: 0.087 sec
13:25:52.271 [JavaFX Application Thread] DEBUG Input                - Clearing active input actions
13:25:52.276 [JavaFX Application Thread] DEBUG GameApplicationServi - Removing overlay from FXGLLoadingScene and adding to GameScene
13:25:52.277 [JavaFX Application Thread] DEBUG PrimaryStageWindow   - FXGLLoadingScene -> GameScene
13:25:52.851 [JavaFX Application Thread] WARN  FXGLAssetLoaderServi - Asset "/assets/sounds/jump.wav" was not found!
13:25:52.851 [JavaFX Application Thread] WARN  FXGLAssetLoaderServi - Failed to load SOUND
13:25:53.328 [FXGL Background Thread 2 ] INFO  UpdaterService       - Your current version:  17.3
13:25:53.328 [FXGL Background Thread 2 ] INFO  UpdaterService       - Latest stable version: 21.1
13:25:54.117 [JavaFX Application Thread] DEBUG FXGLApplication      - Exiting FXGL
13:25:54.117 [JavaFX Application Thread] DEBUG LoopRunner           - Stopping loop
13:25:54.117 [JavaFX Application Thread] DEBUG SystemBundleService  - Saving FXGL system data
13:25:54.119 [JavaFX Application Thread] DEBUG FileSystemAccess     - Writing to: D:\UI\project\Y2\CS223\1\game\DashDash\system\fxgl.bundle
13:25:54.121 [JavaFX Application Thread] DEBUG Async                - Shutting down background threads
13:25:54.121 [JavaFX Application Thread] DEBUG PrimaryStageWindow   - Closing main window
13:25:54.149 [JavaFX Application Thread] DEBUG Logger               - Closing Logger
