13:26:08.600 [main                     ] DEBUG Logger               - Configured Logger
13:26:08.606 [main                     ] DEBUG GameApplication      - Logging settings
Title: DashDash
Version: 0.0.1
Width: 1280
Height: 720
Fullscreen: false
Intro: false
Profiling: false
Single step:false
App Mode: DEVELOPER
Menu Key: ESCAPE
Stage Style: DECORATED
Scene Factory: class com.almasb.fxgl.app.scene.SceneFactory

13:26:08.970 [JavaFX Application Thread] DEBUG FXGLApplication      - Initializing FXGL
13:26:08.973 [JavaFX Application Thread] INFO  Engine               - FXGL-17.3 (30.03.2023 11.49) on WINDOWS (J:25.0.1 FX:21.0.6)
13:26:08.973 [JavaFX Application Thread] DEBUG Engine               - JRE Vendor Name: Eclipse Adoptium
13:26:08.974 [JavaFX Application Thread] DEBUG Engine               - Running on OS: Windows 11 version 10.0
13:26:08.974 [JavaFX Application Thread] DEBUG Engine               - Architecture: amd64
13:26:08.974 [JavaFX Application Thread] INFO  Engine               - Source code and latest versions at: https://github.com/AlmasB/FXGL
13:26:08.974 [JavaFX Application Thread] INFO  Engine               -       Ask questions and discuss at: https://github.com/AlmasB/FXGL/discussions
13:26:08.974 [JavaFX Application Thread] INFO  Engine               -              Join the FXGL chat at: https://gitter.im/AlmasB/FXGL
13:26:09.057 [JavaFX Application Thread] DEBUG PrimaryStageWindow   - Creating a JavaFX scene
13:26:09.097 [JavaFX Application Thread] DEBUG PrimaryStageWindow   - Target settings size: 1280.0 x 720.0
13:26:09.098 [JavaFX Application Thread] DEBUG PrimaryStageWindow   - Scaled scene size:    1280.0 x 720.0
13:26:09.098 [JavaFX Application Thread] DEBUG PrimaryStageWindow   - Scaled ratio: (1.0, 1.0)
13:26:09.098 [JavaFX Application Thread] DEBUG PrimaryStageWindow   - Set initial scene to FXGLStartupScene
13:26:09.101 [JavaFX Application Thread] DEBUG PrimaryStageWindow   - Opening main window
13:26:09.191 [JavaFX Application Thread] DEBUG PrimaryStageWindow   - Window border size: (14.6666259765625, 37.33331298828125)
13:26:09.192 [JavaFX Application Thread] DEBUG PrimaryStageWindow   - Scaled size: 1280.0 x 720.0
13:26:09.192 [JavaFX Application Thread] DEBUG PrimaryStageWindow   - Scaled ratio: (1.0, 1.0)
13:26:09.192 [JavaFX Application Thread] DEBUG PrimaryStageWindow   - Scene size: 1280.0 x 720.0
13:26:09.192 [JavaFX Application Thread] DEBUG PrimaryStageWindow   - Stage size: 1294.6666259765625 x 757.3333129882812
13:26:09.198 [FXGL Background Thread 1 ] DEBUG Engine               - Initializing environment variables
13:26:09.268 [FXGL Background Thread 1 ] DEBUG FXGLAssetLoaderServi - User app class for loading assets: class com.group.game.dashdash.HelloApplication
13:26:09.268 [FXGL Background Thread 1 ] DEBUG GameApplicationServi - Applying CSS: fxgl_dark.css
13:26:09.268 [FXGL Background Thread 1 ] DEBUG FXGLAssetLoaderServi - Loading from file system: jar:file:///C:/Users/U-ser/.m2/repository/com/github/almasb/fxgl/17.3/fxgl-17.3.jar!/fxglassets/ui/css/fxgl_dark.css
13:26:09.307 [FXGL Background Thread 1 ] DEBUG GameApplicationServi - Initializing application scenes
13:26:09.339 [FXGL Background Thread 1 ] DEBUG GameWorld            - Game world initialized
13:26:09.378 [FXGL Background Thread 1 ] DEBUG PhysicsWorld         - Physics world initialized: appHeight=720, physics.ppm=50.0
13:26:09.378 [FXGL Background Thread 1 ] DEBUG PhysicsWorld         - Using strategy: BRUTE_FORCE
13:26:09.383 [FXGL Background Thread 1 ] DEBUG GameScene            - Game scene initialized: 1280x720
13:26:09.393 [FXGL Background Thread 1 ] DEBUG FXGL.DefaultMenu     - createMenuBodyGameMenu()
13:26:09.404 [FXGL Background Thread 1 ] DEBUG FXGL.DefaultMenu     - createOptionsMenu()
13:26:09.411 [FXGL Background Thread 1 ] DEBUG FXGLAssetLoaderServi - Loading from file system: jar:file:///C:/Users/U-ser/.m2/repository/com/github/almasb/fxgl/17.3/fxgl-17.3.jar!/fxglassets/textures/particles/smoke.png
13:26:09.476 [FXGL Background Thread 1 ] DEBUG FXGLAssetLoaderServi - Loading from file system: jar:file:///C:/Users/U-ser/.m2/repository/com/github/almasb/fxgl/17.3/fxgl-17.3.jar!/fxglassets/textures/particles/trace_horizontal.png
13:26:09.497 [FXGL Background Thread 1 ] DEBUG GameApplicationServi - Application scenes initialized
13:26:09.507 [FXGL Background Thread 1 ] DEBUG SystemBundleService  - Loading FXGL system data
13:26:09.511 [FXGL Background Thread 1 ] DEBUG FileSystemAccess     - Reading from: D:\UI\project\Y2\CS223\1\game\DashDash\system\fxgl.bundle
13:26:09.516 [FXGL Background Thread 1 ] DEBUG SystemBundleService  - Bundle FXGL: {}
13:26:09.517 [FXGL Background Thread 1 ] DEBUG UpdaterService       - Checking for updates
13:26:09.521 [FXGL Background Thread 4 ] DEBUG FXGLApplication      - Loading fonts
13:26:09.521 [FXGL Background Thread 1 ] DEBUG FXGLApplication      - Loading default localization
13:26:09.521 [FXGL Background Thread 4 ] DEBUG FXGLAssetLoaderServi - Loading from file system: jar:file:///C:/Users/U-ser/.m2/repository/com/github/almasb/fxgl/17.3/fxgl-17.3.jar!/fxglassets/ui/fonts/VarelaRound-Regular.ttf
13:26:09.521 [FXGL Background Thread 1 ] DEBUG FXGLAssetLoaderServi - Loading from file system: jar:file:///C:/Users/U-ser/.m2/repository/com/github/almasb/fxgl/17.3/fxgl-17.3.jar!/fxglassets/languages/english.lang
13:26:09.537 [FXGL Background Thread 1 ] INFO  FXGLApplication      - FXGL initialization took: 0.339 sec
13:26:09.546 [JavaFX Application Thread] DEBUG Input                - Registered new binding: Jump - Space
13:26:09.546 [JavaFX Application Thread] WARN  FXGLAssetLoaderServi - Asset "/assets/music/bgm.mp3" was not found!
13:26:09.546 [JavaFX Application Thread] WARN  FXGLAssetLoaderServi - Failed to load MUSIC
13:26:09.547 [JavaFX Application Thread] DEBUG AudioPlayer          - Playing music com.almasb.fxgl.audio.Music@17b696d6
13:26:09.547 [JavaFX Application Thread] DEBUG FXGLAssetLoaderServi - Loading from file system: jar:file:///C:/Users/U-ser/.m2/repository/com/github/almasb/fxgl/17.3/fxgl-17.3.jar!/fxglassets/textures/fxgl_icon.png
13:26:09.555 [FXGL Background Thread 4 ] DEBUG FXGLAssetLoaderServi - Loading from file system: jar:file:///C:/Users/U-ser/.m2/repository/com/github/almasb/fxgl/17.3/fxgl-17.3.jar!/fxglassets/ui/fonts/Abel-Regular.ttf
13:26:09.558 [FXGL Background Thread 4 ] DEBUG FXGLAssetLoaderServi - Loading from file system: jar:file:///C:/Users/U-ser/.m2/repository/com/github/almasb/fxgl/17.3/fxgl-17.3.jar!/fxglassets/ui/fonts/TerminalLandMono-Regular.otf
13:26:09.562 [FXGL Background Thread 4 ] DEBUG FXGLAssetLoaderServi - Loading from file system: jar:file:///C:/Users/U-ser/.m2/repository/com/github/almasb/fxgl/17.3/fxgl-17.3.jar!/fxglassets/ui/fonts/Courier-Prime.ttf
13:26:09.566 [JavaFX Application Thread] DEBUG FXGLAssetLoaderServi - Loading from file system: jar:file:///C:/Users/U-ser/.m2/repository/com/github/almasb/fxgl/17.3/fxgl-17.3.jar!/fxglassets/textures/fxgl_default_cursor.png
13:26:09.567 [JavaFX Application Thread] DEBUG Input                - Registered new binding: Screenshot - CTRL+8
13:26:09.569 [JavaFX Application Thread] DEBUG Input                - Registered new binding: System info dump - CTRL+9
13:26:09.569 [JavaFX Application Thread] DEBUG Input                - Registered new binding: Restart - CTRL+R
13:26:09.569 [JavaFX Application Thread] DEBUG Input                - Registered new binding: Toggle Debug Camera - CTRL+7
13:26:09.571 [JavaFX Application Thread] DEBUG LoopRunner           - Starting loop
13:26:09.571 [JavaFX Application Thread] DEBUG LoopRunner           - Initializing JavaFX AnimationTimerLoop
13:26:09.572 [JavaFX Application Thread] DEBUG GameApplicationServi - Starting new game
13:26:09.573 [JavaFX Application Thread] DEBUG Input                - Clearing active input actions
13:26:09.586 [JavaFX Application Thread] DEBUG GameApplicationServi - Removing overlay from FXGLStartupScene and adding to FXGLLoadingScene
13:26:09.586 [JavaFX Application Thread] DEBUG PrimaryStageWindow   - FXGLStartupScene -> FXGLLoadingScene
13:26:09.586 [JavaFX Application Thread] DEBUG GameApplicationServi - Clearing previous game
13:26:09.586 [JavaFX Application Thread] DEBUG GameScene            - Clearing game scene
13:26:09.587 [JavaFX Application Thread] DEBUG GameWorld            - Clearing game world
13:26:09.587 [JavaFX Application Thread] DEBUG PhysicsWorld         - Clearing physics world
13:26:09.589 [FXGL Background Thread 4 ] DEBUG FXGLApplication      - Initializing game
13:26:09.589 [JavaFX Application Thread] DEBUG FXGLApplication      - Registering font factories with UI factory
13:26:09.604 [FXGL Background Thread 4 ] WARN  FXGLAssetLoaderServi - Asset "/assets/textures/bird.png" was not found!
13:26:09.604 [FXGL Background Thread 4 ] WARN  FXGLAssetLoaderServi - Failed to load IMAGE
13:26:09.702 [FXGL Background Thread 4 ] INFO  FXGLApplication      - Game initialization took: 0.114 sec
13:26:09.712 [JavaFX Application Thread] DEBUG Input                - Clearing active input actions
13:26:09.719 [JavaFX Application Thread] DEBUG GameApplicationServi - Removing overlay from FXGLLoadingScene and adding to GameScene
13:26:09.720 [JavaFX Application Thread] DEBUG PrimaryStageWindow   - FXGLLoadingScene -> GameScene
13:26:10.045 [FXGL Background Thread 2 ] INFO  UpdaterService       - Your current version:  17.3
13:26:10.045 [FXGL Background Thread 2 ] INFO  UpdaterService       - Latest stable version: 21.1
13:26:10.252 [JavaFX Application Thread] WARN  FXGLAssetLoaderServi - Asset "/assets/sounds/jump.wav" was not found!
13:26:10.252 [JavaFX Application Thread] WARN  FXGLAssetLoaderServi - Failed to load SOUND
13:26:11.417 [JavaFX Application Thread] DEBUG FXGLApplication      - Exiting FXGL
13:26:11.417 [JavaFX Application Thread] DEBUG LoopRunner           - Stopping loop
13:26:11.417 [JavaFX Application Thread] DEBUG SystemBundleService  - Saving FXGL system data
13:26:11.419 [JavaFX Application Thread] DEBUG FileSystemAccess     - Writing to: D:\UI\project\Y2\CS223\1\game\DashDash\system\fxgl.bundle
13:26:11.421 [JavaFX Application Thread] DEBUG Async                - Shutting down background threads
13:26:11.421 [JavaFX Application Thread] DEBUG PrimaryStageWindow   - Closing main window
13:26:11.435 [JavaFX Application Thread] DEBUG Logger               - Closing Logger
